2011-09-07T09:38:13+00:00 ERR (3): 
exception 'Mage_Core_Exception' with message 'Please check shipping address information. Please enter the first name. Please enter the last name. Please enter the street. Please enter the city. Please enter the telephone number. Please enter the zip/postal code. Please enter the country. Please enter the state/province.' in /opt/src/iyaboo/app/Mage.php:550
Stack trace:
#0 /opt/src/iyaboo/app/code/core/Mage/Sales/Model/Service/Quote.php(288): Mage::throwException('Please check sh...')
#1 /opt/src/iyaboo/app/code/core/Mage/Sales/Model/Service/Quote.php(211): Mage_Sales_Model_Service_Quote->_validate()
#2 /opt/src/iyaboo/app/code/core/Mage/Sales/Model/Service/Quote.php(227): Mage_Sales_Model_Service_Quote->submitNominalItems()
#3 /opt/src/iyaboo/app/code/core/Mage/Checkout/Model/Type/Onepage.php(742): Mage_Sales_Model_Service_Quote->submitAll()
#4 /opt/src/iyaboo/app/code/core/Mage/Checkout/controllers/OnepageController.php(499): Mage_Checkout_Model_Type_Onepage->saveOrder()
#5 /opt/src/iyaboo/app/code/core/Mage/Core/Controller/Varien/Action.php(420): Mage_Checkout_OnepageController->saveOrderAction()
#6 /opt/src/iyaboo/app/code/core/Mage/Core/Controller/Varien/Router/Standard.php(253): Mage_Core_Controller_Varien_Action->dispatch('saveOrder')
#7 /opt/src/iyaboo/app/code/core/Mage/Core/Controller/Varien/Front.php(176): Mage_Core_Controller_Varien_Router_Standard->match(Object(Mage_Core_Controller_Request_Http))
#8 /opt/src/iyaboo/app/code/local/Mage/Core/Model/App.php(408): Mage_Core_Controller_Varien_Front->dispatch()
#9 /opt/src/iyaboo/app/Mage.php(627): Mage_Core_Model_App->run(Array)
#10 /opt/src/iyaboo/index.php(82): Mage::run('', 'store')
#11 {main}
2011-09-08T04:06:21+00:00 ERR (3): 
exception 'Mage_Core_Exception' with message 'Cannot retrieve payment method instance.' in /opt/src/iyaboo/app/Mage.php:550
Stack trace:
#0 /opt/src/iyaboo/app/code/core/Mage/Payment/Model/Info.php(83): Mage::throwException('Cannot retrieve...')
#1 /opt/src/iyaboo/app/code/core/Mage/Sales/Model/Quote/Payment.php(163): Mage_Payment_Model_Info->getMethodInstance()
#2 /opt/src/iyaboo/app/code/core/Mage/Sales/Model/Quote/Payment.php(89): Mage_Sales_Model_Quote_Payment->getMethodInstance()
#3 /opt/src/iyaboo/app/code/core/Mage/Checkout/controllers/OnepageController.php(473): Mage_Sales_Model_Quote_Payment->importData(Array)
#4 /opt/src/iyaboo/app/code/core/Mage/Core/Controller/Varien/Action.php(420): Mage_Checkout_OnepageController->saveOrderAction()
#5 /opt/src/iyaboo/app/code/core/Mage/Core/Controller/Varien/Router/Standard.php(253): Mage_Core_Controller_Varien_Action->dispatch('saveOrder')
#6 /opt/src/iyaboo/app/code/core/Mage/Core/Controller/Varien/Front.php(176): Mage_Core_Controller_Varien_Router_Standard->match(Object(Mage_Core_Controller_Request_Http))
#7 /opt/src/iyaboo/app/code/local/Mage/Core/Model/App.php(408): Mage_Core_Controller_Varien_Front->dispatch()
#8 /opt/src/iyaboo/app/Mage.php(627): Mage_Core_Model_App->run(Array)
#9 /opt/src/iyaboo/index.php(82): Mage::run('', 'store')
#10 {main}
2011-09-08T04:12:46+00:00 ERR (3): 
exception 'Mage_Core_Exception' with message 'Cannot retrieve payment method instance.' in /opt/src/iyaboo/app/Mage.php:550
Stack trace:
#0 /opt/src/iyaboo/app/code/core/Mage/Payment/Model/Info.php(83): Mage::throwException('Cannot retrieve...')
#1 /opt/src/iyaboo/app/code/core/Mage/Sales/Model/Quote/Payment.php(163): Mage_Payment_Model_Info->getMethodInstance()
#2 /opt/src/iyaboo/app/code/core/Mage/Sales/Model/Quote/Payment.php(89): Mage_Sales_Model_Quote_Payment->getMethodInstance()
#3 /opt/src/iyaboo/app/code/core/Mage/Checkout/controllers/OnepageController.php(475): Mage_Sales_Model_Quote_Payment->importData(Array)
#4 /opt/src/iyaboo/app/code/core/Mage/Core/Controller/Varien/Action.php(420): Mage_Checkout_OnepageController->saveOrderAction()
#5 /opt/src/iyaboo/app/code/core/Mage/Core/Controller/Varien/Router/Standard.php(253): Mage_Core_Controller_Varien_Action->dispatch('saveOrder')
#6 /opt/src/iyaboo/app/code/core/Mage/Core/Controller/Varien/Front.php(176): Mage_Core_Controller_Varien_Router_Standard->match(Object(Mage_Core_Controller_Request_Http))
#7 /opt/src/iyaboo/app/code/local/Mage/Core/Model/App.php(408): Mage_Core_Controller_Varien_Front->dispatch()
#8 /opt/src/iyaboo/app/Mage.php(627): Mage_Core_Model_App->run(Array)
#9 /opt/src/iyaboo/index.php(82): Mage::run('', 'store')
#10 {main}
2011-09-08T04:13:51+00:00 ERR (3): 
exception 'Mage_Core_Exception' with message 'Cannot retrieve payment method instance.' in /opt/src/iyaboo/app/Mage.php:550
Stack trace:
#0 /opt/src/iyaboo/app/code/core/Mage/Payment/Model/Info.php(83): Mage::throwException('Cannot retrieve...')
#1 /opt/src/iyaboo/app/code/core/Mage/Sales/Model/Quote/Payment.php(163): Mage_Payment_Model_Info->getMethodInstance()
#2 /opt/src/iyaboo/app/code/core/Mage/Sales/Model/Quote/Payment.php(89): Mage_Sales_Model_Quote_Payment->getMethodInstance()
#3 /opt/src/iyaboo/app/code/core/Mage/Checkout/controllers/OnepageController.php(475): Mage_Sales_Model_Quote_Payment->importData(Array)
#4 /opt/src/iyaboo/app/code/core/Mage/Core/Controller/Varien/Action.php(420): Mage_Checkout_OnepageController->saveOrderAction()
#5 /opt/src/iyaboo/app/code/core/Mage/Core/Controller/Varien/Router/Standard.php(253): Mage_Core_Controller_Varien_Action->dispatch('saveOrder')
#6 /opt/src/iyaboo/app/code/core/Mage/Core/Controller/Varien/Front.php(176): Mage_Core_Controller_Varien_Router_Standard->match(Object(Mage_Core_Controller_Request_Http))
#7 /opt/src/iyaboo/app/code/local/Mage/Core/Model/App.php(408): Mage_Core_Controller_Varien_Front->dispatch()
#8 /opt/src/iyaboo/app/Mage.php(627): Mage_Core_Model_App->run(Array)
#9 /opt/src/iyaboo/index.php(82): Mage::run('', 'store')
#10 {main}
2011-09-08T04:21:42+00:00 ERR (3): 
exception 'Mage_Core_Exception' with message 'Please check shipping address information. Please enter the first name. Please enter the last name. Please enter the street. Please enter the city. Please enter the telephone number. Please enter the zip/postal code. Please enter the country. Please enter the state/province.' in /opt/src/iyaboo/app/Mage.php:550
Stack trace:
#0 /opt/src/iyaboo/app/code/core/Mage/Sales/Model/Service/Quote.php(288): Mage::throwException('Please check sh...')
#1 /opt/src/iyaboo/app/code/core/Mage/Sales/Model/Service/Quote.php(211): Mage_Sales_Model_Service_Quote->_validate()
#2 /opt/src/iyaboo/app/code/core/Mage/Sales/Model/Service/Quote.php(227): Mage_Sales_Model_Service_Quote->submitNominalItems()
#3 /opt/src/iyaboo/app/code/core/Mage/Checkout/Model/Type/Onepage.php(742): Mage_Sales_Model_Service_Quote->submitAll()
#4 /opt/src/iyaboo/app/code/core/Mage/Checkout/controllers/OnepageController.php(480): Mage_Checkout_Model_Type_Onepage->saveOrder()
#5 /opt/src/iyaboo/app/code/core/Mage/Core/Controller/Varien/Action.php(420): Mage_Checkout_OnepageController->saveOrderAction()
#6 /opt/src/iyaboo/app/code/core/Mage/Core/Controller/Varien/Router/Standard.php(253): Mage_Core_Controller_Varien_Action->dispatch('saveOrder')
#7 /opt/src/iyaboo/app/code/core/Mage/Core/Controller/Varien/Front.php(176): Mage_Core_Controller_Varien_Router_Standard->match(Object(Mage_Core_Controller_Request_Http))
#8 /opt/src/iyaboo/app/code/local/Mage/Core/Model/App.php(408): Mage_Core_Controller_Varien_Front->dispatch()
#9 /opt/src/iyaboo/app/Mage.php(627): Mage_Core_Model_App->run(Array)
#10 /opt/src/iyaboo/index.php(82): Mage::run('', 'store')
#11 {main}
2011-09-08T04:25:24+00:00 ERR (3): 
exception 'Mage_Core_Exception' with message 'Please check shipping address information. Please enter the first name. Please enter the last name. Please enter the street. Please enter the city. Please enter the telephone number. Please enter the zip/postal code. Please enter the country. Please enter the state/province.' in /opt/src/iyaboo/app/Mage.php:550
Stack trace:
#0 /opt/src/iyaboo/app/code/core/Mage/Sales/Model/Service/Quote.php(288): Mage::throwException('Please check sh...')
#1 /opt/src/iyaboo/app/code/core/Mage/Sales/Model/Service/Quote.php(211): Mage_Sales_Model_Service_Quote->_validate()
#2 /opt/src/iyaboo/app/code/core/Mage/Sales/Model/Service/Quote.php(227): Mage_Sales_Model_Service_Quote->submitNominalItems()
#3 /opt/src/iyaboo/app/code/core/Mage/Checkout/Model/Type/Onepage.php(742): Mage_Sales_Model_Service_Quote->submitAll()
#4 /opt/src/iyaboo/app/code/core/Mage/Checkout/controllers/OnepageController.php(480): Mage_Checkout_Model_Type_Onepage->saveOrder()
#5 /opt/src/iyaboo/app/code/core/Mage/Core/Controller/Varien/Action.php(420): Mage_Checkout_OnepageController->saveOrderAction()
#6 /opt/src/iyaboo/app/code/core/Mage/Core/Controller/Varien/Router/Standard.php(253): Mage_Core_Controller_Varien_Action->dispatch('saveOrder')
#7 /opt/src/iyaboo/app/code/core/Mage/Core/Controller/Varien/Front.php(176): Mage_Core_Controller_Varien_Router_Standard->match(Object(Mage_Core_Controller_Request_Http))
#8 /opt/src/iyaboo/app/code/local/Mage/Core/Model/App.php(408): Mage_Core_Controller_Varien_Front->dispatch()
#9 /opt/src/iyaboo/app/Mage.php(627): Mage_Core_Model_App->run(Array)
#10 /opt/src/iyaboo/index.php(82): Mage::run('', 'store')
#11 {main}
2011-09-19T12:59:16+00:00 ERR (3): 
exception 'Mage_Core_Exception' with message 'Invalid block type: Mage_Spinonesolutions_Helloworld_Block_Adminhtml_Adminform' in /opt/src/iyaboo/app/Mage.php:550
Stack trace:
#0 /opt/src/iyaboo/app/code/core/Mage/Core/Model/Layout.php(469): Mage::throwException('Invalid block t...')
#1 /opt/src/iyaboo/app/code/core/Mage/Core/Model/Layout.php(411): Mage_Core_Model_Layout->_getBlockInstance('spinonesolution...', Array)
#2 /opt/src/iyaboo/app/code/local/Vertax/Amazon/controllers/Adminhtml/AmazonbackendController.php(8): Mage_Core_Model_Layout->createBlock('spinonesolution...', 'admin_form')
#3 /opt/src/iyaboo/app/code/core/Mage/Core/Controller/Varien/Action.php(420): Vertax_Amazon_Adminhtml_AmazonbackendController->indexAction()
#4 /opt/src/iyaboo/app/code/core/Mage/Core/Controller/Varien/Router/Standard.php(253): Mage_Core_Controller_Varien_Action->dispatch('index')
#5 /opt/src/iyaboo/app/code/core/Mage/Core/Controller/Varien/Front.php(176): Mage_Core_Controller_Varien_Router_Standard->match(Object(Mage_Core_Controller_Request_Http))
#6 /opt/src/iyaboo/app/code/local/Mage/Core/Model/App.php(408): Mage_Core_Controller_Varien_Front->dispatch()
#7 /opt/src/iyaboo/app/Mage.php(627): Mage_Core_Model_App->run(Array)
#8 /opt/src/iyaboo/index.php(82): Mage::run('', 'store')
#9 {main}
2011-09-19T12:59:49+00:00 ERR (3): 
exception 'Mage_Core_Exception' with message 'Invalid block type: Mage_Spinonesolutions_Helloworld_Block_Adminhtml_Adminform' in /opt/src/iyaboo/app/Mage.php:550
Stack trace:
#0 /opt/src/iyaboo/app/code/core/Mage/Core/Model/Layout.php(469): Mage::throwException('Invalid block t...')
#1 /opt/src/iyaboo/app/code/core/Mage/Core/Model/Layout.php(411): Mage_Core_Model_Layout->_getBlockInstance('spinonesolution...', Array)
#2 /opt/src/iyaboo/app/code/local/Vertax/Amazon/controllers/Adminhtml/AmazonbackendController.php(8): Mage_Core_Model_Layout->createBlock('spinonesolution...', 'admin_form')
#3 /opt/src/iyaboo/app/code/core/Mage/Core/Controller/Varien/Action.php(420): Vertax_Amazon_Adminhtml_AmazonbackendController->indexAction()
#4 /opt/src/iyaboo/app/code/core/Mage/Core/Controller/Varien/Router/Standard.php(253): Mage_Core_Controller_Varien_Action->dispatch('index')
#5 /opt/src/iyaboo/app/code/core/Mage/Core/Controller/Varien/Front.php(176): Mage_Core_Controller_Varien_Router_Standard->match(Object(Mage_Core_Controller_Request_Http))
#6 /opt/src/iyaboo/app/code/local/Mage/Core/Model/App.php(408): Mage_Core_Controller_Varien_Front->dispatch()
#7 /opt/src/iyaboo/app/Mage.php(627): Mage_Core_Model_App->run(Array)
#8 /opt/src/iyaboo/index.php(82): Mage::run('', 'store')
#9 {main}
2011-09-19T14:31:29+00:00 ERR (3): 
exception 'Mage_Core_Exception' with message 'Invalid block type: Mage_Vertax_Amazon_Block_Adminhtml_Uploadform' in /opt/src/iyaboo/app/Mage.php:550
Stack trace:
#0 /opt/src/iyaboo/app/code/core/Mage/Core/Model/Layout.php(469): Mage::throwException('Invalid block t...')
#1 /opt/src/iyaboo/app/code/core/Mage/Core/Model/Layout.php(411): Mage_Core_Model_Layout->_getBlockInstance('vertax_amazon/a...', Array)
#2 /opt/src/iyaboo/app/code/local/Vertax/Amazon/controllers/Adminhtml/AmazonbackendController.php(8): Mage_Core_Model_Layout->createBlock('vertax_amazon/a...', 'upload_form')
#3 /opt/src/iyaboo/app/code/core/Mage/Core/Controller/Varien/Action.php(420): Vertax_Amazon_Adminhtml_AmazonbackendController->indexAction()
#4 /opt/src/iyaboo/app/code/core/Mage/Core/Controller/Varien/Router/Standard.php(253): Mage_Core_Controller_Varien_Action->dispatch('index')
#5 /opt/src/iyaboo/app/code/core/Mage/Core/Controller/Varien/Front.php(176): Mage_Core_Controller_Varien_Router_Standard->match(Object(Mage_Core_Controller_Request_Http))
#6 /opt/src/iyaboo/app/code/local/Mage/Core/Model/App.php(408): Mage_Core_Controller_Varien_Front->dispatch()
#7 /opt/src/iyaboo/app/Mage.php(627): Mage_Core_Model_App->run(Array)
#8 /opt/src/iyaboo/index.php(82): Mage::run('', 'store')
#9 {main}
2011-09-19T15:31:06+00:00 ERR (3): 
exception 'Mage_Core_Exception' with message 'Invalid block type: Vertax_Amazon_Block_Adminhtml_Amazonbackend_Edit_Form' in /opt/src/iyaboo/app/Mage.php:550
Stack trace:
#0 /opt/src/iyaboo/app/code/core/Mage/Core/Model/Layout.php(469): Mage::throwException('Invalid block t...')
#1 /opt/src/iyaboo/app/code/core/Mage/Core/Model/Layout.php(411): Mage_Core_Model_Layout->_getBlockInstance('amazon/adminhtm...', Array)
#2 /opt/src/iyaboo/app/code/core/Mage/Adminhtml/Block/Widget/Form/Container.php(82): Mage_Core_Model_Layout->createBlock('amazon/adminhtm...')
#3 /opt/src/iyaboo/app/code/core/Mage/Core/Block/Abstract.php(223): Mage_Adminhtml_Block_Widget_Form_Container->_prepareLayout()
#4 /opt/src/iyaboo/app/code/core/Mage/Core/Model/Layout.php(430): Mage_Core_Block_Abstract->setLayout(Object(Mage_Core_Model_Layout))
#5 /opt/src/iyaboo/app/code/core/Mage/Core/Model/Layout.php(446): Mage_Core_Model_Layout->createBlock('amazon/adminhtm...', 'amazon_uploadfo...')
#6 /opt/src/iyaboo/app/code/core/Mage/Core/Model/Layout.php(238): Mage_Core_Model_Layout->addBlock('amazon/adminhtm...', 'amazon_uploadfo...')
#7 /opt/src/iyaboo/app/code/core/Mage/Core/Model/Layout.php(204): Mage_Core_Model_Layout->_generateBlock(Object(Mage_Core_Model_Layout_Element), Object(Mage_Core_Model_Layout_Element))
#8 /opt/src/iyaboo/app/code/core/Mage/Core/Model/Layout.php(209): Mage_Core_Model_Layout->generateBlocks(Object(Mage_Core_Model_Layout_Element))
#9 /opt/src/iyaboo/app/code/core/Mage/Core/Controller/Varien/Action.php(345): Mage_Core_Model_Layout->generateBlocks()
#10 /opt/src/iyaboo/app/code/core/Mage/Core/Controller/Varien/Action.php(270): Mage_Core_Controller_Varien_Action->generateLayoutBlocks()
#11 /opt/src/iyaboo/app/code/core/Mage/Adminhtml/Controller/Action.php(263): Mage_Core_Controller_Varien_Action->loadLayout(NULL, true, true)
#12 /opt/src/iyaboo/app/code/local/Vertax/Amazon/controllers/Adminhtml/AmazonbackendController.php(6): Mage_Adminhtml_Controller_Action->loadLayout()
#13 /opt/src/iyaboo/app/code/core/Mage/Core/Controller/Varien/Action.php(420): Vertax_Amazon_Adminhtml_AmazonbackendController->indexAction()
#14 /opt/src/iyaboo/app/code/core/Mage/Core/Controller/Varien/Router/Standard.php(253): Mage_Core_Controller_Varien_Action->dispatch('index')
#15 /opt/src/iyaboo/app/code/core/Mage/Core/Controller/Varien/Front.php(176): Mage_Core_Controller_Varien_Router_Standard->match(Object(Mage_Core_Controller_Request_Http))
#16 /opt/src/iyaboo/app/code/local/Mage/Core/Model/App.php(408): Mage_Core_Controller_Varien_Front->dispatch()
#17 /opt/src/iyaboo/app/Mage.php(627): Mage_Core_Model_App->run(Array)
#18 /opt/src/iyaboo/index.php(82): Mage::run('', 'store')
#19 {main}
2011-09-19T15:32:09+00:00 ERR (3): 
exception 'Mage_Core_Exception' with message 'Invalid block type: Vertax_Amazon_Block_Adminhtml_Amazonbackend_Edit_Form' in /opt/src/iyaboo/app/Mage.php:550
Stack trace:
#0 /opt/src/iyaboo/app/code/core/Mage/Core/Model/Layout.php(469): Mage::throwException('Invalid block t...')
#1 /opt/src/iyaboo/app/code/core/Mage/Core/Model/Layout.php(411): Mage_Core_Model_Layout->_getBlockInstance('amazon/adminhtm...', Array)
#2 /opt/src/iyaboo/app/code/core/Mage/Adminhtml/Block/Widget/Form/Container.php(82): Mage_Core_Model_Layout->createBlock('amazon/adminhtm...')
#3 /opt/src/iyaboo/app/code/core/Mage/Core/Block/Abstract.php(223): Mage_Adminhtml_Block_Widget_Form_Container->_prepareLayout()
#4 /opt/src/iyaboo/app/code/core/Mage/Core/Model/Layout.php(430): Mage_Core_Block_Abstract->setLayout(Object(Mage_Core_Model_Layout))
#5 /opt/src/iyaboo/app/code/core/Mage/Core/Model/Layout.php(446): Mage_Core_Model_Layout->createBlock('amazon/adminhtm...', 'amazon_uploadfo...')
#6 /opt/src/iyaboo/app/code/core/Mage/Core/Model/Layout.php(238): Mage_Core_Model_Layout->addBlock('amazon/adminhtm...', 'amazon_uploadfo...')
#7 /opt/src/iyaboo/app/code/core/Mage/Core/Model/Layout.php(204): Mage_Core_Model_Layout->_generateBlock(Object(Mage_Core_Model_Layout_Element), Object(Mage_Core_Model_Layout_Element))
#8 /opt/src/iyaboo/app/code/core/Mage/Core/Model/Layout.php(209): Mage_Core_Model_Layout->generateBlocks(Object(Mage_Core_Model_Layout_Element))
#9 /opt/src/iyaboo/app/code/core/Mage/Core/Controller/Varien/Action.php(345): Mage_Core_Model_Layout->generateBlocks()
#10 /opt/src/iyaboo/app/code/core/Mage/Core/Controller/Varien/Action.php(270): Mage_Core_Controller_Varien_Action->generateLayoutBlocks()
#11 /opt/src/iyaboo/app/code/core/Mage/Adminhtml/Controller/Action.php(263): Mage_Core_Controller_Varien_Action->loadLayout(NULL, true, true)
#12 /opt/src/iyaboo/app/code/local/Vertax/Amazon/controllers/Adminhtml/AmazonbackendController.php(6): Mage_Adminhtml_Controller_Action->loadLayout()
#13 /opt/src/iyaboo/app/code/core/Mage/Core/Controller/Varien/Action.php(420): Vertax_Amazon_Adminhtml_AmazonbackendController->indexAction()
#14 /opt/src/iyaboo/app/code/core/Mage/Core/Controller/Varien/Router/Standard.php(253): Mage_Core_Controller_Varien_Action->dispatch('index')
#15 /opt/src/iyaboo/app/code/core/Mage/Core/Controller/Varien/Front.php(176): Mage_Core_Controller_Varien_Router_Standard->match(Object(Mage_Core_Controller_Request_Http))
#16 /opt/src/iyaboo/app/code/local/Mage/Core/Model/App.php(408): Mage_Core_Controller_Varien_Front->dispatch()
#17 /opt/src/iyaboo/app/Mage.php(627): Mage_Core_Model_App->run(Array)
#18 /opt/src/iyaboo/index.php(82): Mage::run('', 'store')
#19 {main}
2011-09-19T15:32:16+00:00 ERR (3): 
exception 'Mage_Core_Exception' with message 'Invalid block type: Vertax_Amazon_Block_Adminhtml_Amazonbackend_Edit_Form' in /opt/src/iyaboo/app/Mage.php:550
Stack trace:
#0 /opt/src/iyaboo/app/code/core/Mage/Core/Model/Layout.php(469): Mage::throwException('Invalid block t...')
#1 /opt/src/iyaboo/app/code/core/Mage/Core/Model/Layout.php(411): Mage_Core_Model_Layout->_getBlockInstance('amazon/adminhtm...', Array)
#2 /opt/src/iyaboo/app/code/core/Mage/Adminhtml/Block/Widget/Form/Container.php(82): Mage_Core_Model_Layout->createBlock('amazon/adminhtm...')
#3 /opt/src/iyaboo/app/code/core/Mage/Core/Block/Abstract.php(223): Mage_Adminhtml_Block_Widget_Form_Container->_prepareLayout()
#4 /opt/src/iyaboo/app/code/core/Mage/Core/Model/Layout.php(430): Mage_Core_Block_Abstract->setLayout(Object(Mage_Core_Model_Layout))
#5 /opt/src/iyaboo/app/code/core/Mage/Core/Model/Layout.php(446): Mage_Core_Model_Layout->createBlock('amazon/adminhtm...', 'amazon_uploadfo...')
#6 /opt/src/iyaboo/app/code/core/Mage/Core/Model/Layout.php(238): Mage_Core_Model_Layout->addBlock('amazon/adminhtm...', 'amazon_uploadfo...')
#7 /opt/src/iyaboo/app/code/core/Mage/Core/Model/Layout.php(204): Mage_Core_Model_Layout->_generateBlock(Object(Mage_Core_Model_Layout_Element), Object(Mage_Core_Model_Layout_Element))
#8 /opt/src/iyaboo/app/code/core/Mage/Core/Model/Layout.php(209): Mage_Core_Model_Layout->generateBlocks(Object(Mage_Core_Model_Layout_Element))
#9 /opt/src/iyaboo/app/code/core/Mage/Core/Controller/Varien/Action.php(345): Mage_Core_Model_Layout->generateBlocks()
#10 /opt/src/iyaboo/app/code/core/Mage/Core/Controller/Varien/Action.php(270): Mage_Core_Controller_Varien_Action->generateLayoutBlocks()
#11 /opt/src/iyaboo/app/code/core/Mage/Adminhtml/Controller/Action.php(263): Mage_Core_Controller_Varien_Action->loadLayout(NULL, true, true)
#12 /opt/src/iyaboo/app/code/local/Vertax/Amazon/controllers/Adminhtml/AmazonbackendController.php(6): Mage_Adminhtml_Controller_Action->loadLayout()
#13 /opt/src/iyaboo/app/code/core/Mage/Core/Controller/Varien/Action.php(420): Vertax_Amazon_Adminhtml_AmazonbackendController->indexAction()
#14 /opt/src/iyaboo/app/code/core/Mage/Core/Controller/Varien/Router/Standard.php(253): Mage_Core_Controller_Varien_Action->dispatch('index')
#15 /opt/src/iyaboo/app/code/core/Mage/Core/Controller/Varien/Front.php(176): Mage_Core_Controller_Varien_Router_Standard->match(Object(Mage_Core_Controller_Request_Http))
#16 /opt/src/iyaboo/app/code/local/Mage/Core/Model/App.php(408): Mage_Core_Controller_Varien_Front->dispatch()
#17 /opt/src/iyaboo/app/Mage.php(627): Mage_Core_Model_App->run(Array)
#18 /opt/src/iyaboo/index.php(82): Mage::run('', 'store')
#19 {main}
2011-09-19T15:33:38+00:00 ERR (3): 
exception 'Mage_Core_Exception' with message 'Invalid block type: Vertax_Amazon_Block_Adminhtml_Amazonbackend_Edit_Form' in /opt/src/iyaboo/app/Mage.php:550
Stack trace:
#0 /opt/src/iyaboo/app/code/core/Mage/Core/Model/Layout.php(469): Mage::throwException('Invalid block t...')
#1 /opt/src/iyaboo/app/code/core/Mage/Core/Model/Layout.php(411): Mage_Core_Model_Layout->_getBlockInstance('amazon/adminhtm...', Array)
#2 /opt/src/iyaboo/app/code/core/Mage/Adminhtml/Block/Widget/Form/Container.php(82): Mage_Core_Model_Layout->createBlock('amazon/adminhtm...')
#3 /opt/src/iyaboo/app/code/core/Mage/Core/Block/Abstract.php(223): Mage_Adminhtml_Block_Widget_Form_Container->_prepareLayout()
#4 /opt/src/iyaboo/app/code/core/Mage/Core/Model/Layout.php(430): Mage_Core_Block_Abstract->setLayout(Object(Mage_Core_Model_Layout))
#5 /opt/src/iyaboo/app/code/core/Mage/Core/Model/Layout.php(446): Mage_Core_Model_Layout->createBlock('amazon/adminhtm...', 'amazon_uploadfo...')
#6 /opt/src/iyaboo/app/code/core/Mage/Core/Model/Layout.php(238): Mage_Core_Model_Layout->addBlock('amazon/adminhtm...', 'amazon_uploadfo...')
#7 /opt/src/iyaboo/app/code/core/Mage/Core/Model/Layout.php(204): Mage_Core_Model_Layout->_generateBlock(Object(Mage_Core_Model_Layout_Element), Object(Mage_Core_Model_Layout_Element))
#8 /opt/src/iyaboo/app/code/core/Mage/Core/Model/Layout.php(209): Mage_Core_Model_Layout->generateBlocks(Object(Mage_Core_Model_Layout_Element))
#9 /opt/src/iyaboo/app/code/core/Mage/Core/Controller/Varien/Action.php(345): Mage_Core_Model_Layout->generateBlocks()
#10 /opt/src/iyaboo/app/code/core/Mage/Core/Controller/Varien/Action.php(270): Mage_Core_Controller_Varien_Action->generateLayoutBlocks()
#11 /opt/src/iyaboo/app/code/core/Mage/Adminhtml/Controller/Action.php(263): Mage_Core_Controller_Varien_Action->loadLayout(NULL, true, true)
#12 /opt/src/iyaboo/app/code/local/Vertax/Amazon/controllers/Adminhtml/AmazonbackendController.php(6): Mage_Adminhtml_Controller_Action->loadLayout()
#13 /opt/src/iyaboo/app/code/core/Mage/Core/Controller/Varien/Action.php(420): Vertax_Amazon_Adminhtml_AmazonbackendController->indexAction()
#14 /opt/src/iyaboo/app/code/core/Mage/Core/Controller/Varien/Router/Standard.php(253): Mage_Core_Controller_Varien_Action->dispatch('index')
#15 /opt/src/iyaboo/app/code/core/Mage/Core/Controller/Varien/Front.php(176): Mage_Core_Controller_Varien_Router_Standard->match(Object(Mage_Core_Controller_Request_Http))
#16 /opt/src/iyaboo/app/code/local/Mage/Core/Model/App.php(408): Mage_Core_Controller_Varien_Front->dispatch()
#17 /opt/src/iyaboo/app/Mage.php(627): Mage_Core_Model_App->run(Array)
#18 /opt/src/iyaboo/index.php(82): Mage::run('', 'store')
#19 {main}
2011-09-19T15:34:24+00:00 ERR (3): 
exception 'Mage_Core_Exception' with message 'Invalid block type: Vertax_Amazon_Block_Adminhtml_Amazonbackend_Edit_Form' in /opt/src/iyaboo/app/Mage.php:550
Stack trace:
#0 /opt/src/iyaboo/app/code/core/Mage/Core/Model/Layout.php(469): Mage::throwException('Invalid block t...')
#1 /opt/src/iyaboo/app/code/core/Mage/Core/Model/Layout.php(411): Mage_Core_Model_Layout->_getBlockInstance('amazon/adminhtm...', Array)
#2 /opt/src/iyaboo/app/code/core/Mage/Adminhtml/Block/Widget/Form/Container.php(82): Mage_Core_Model_Layout->createBlock('amazon/adminhtm...')
#3 /opt/src/iyaboo/app/code/core/Mage/Core/Block/Abstract.php(223): Mage_Adminhtml_Block_Widget_Form_Container->_prepareLayout()
#4 /opt/src/iyaboo/app/code/core/Mage/Core/Model/Layout.php(430): Mage_Core_Block_Abstract->setLayout(Object(Mage_Core_Model_Layout))
#5 /opt/src/iyaboo/app/code/core/Mage/Core/Model/Layout.php(446): Mage_Core_Model_Layout->createBlock('amazon/adminhtm...', 'amazon_uploadfo...')
#6 /opt/src/iyaboo/app/code/core/Mage/Core/Model/Layout.php(238): Mage_Core_Model_Layout->addBlock('amazon/adminhtm...', 'amazon_uploadfo...')
#7 /opt/src/iyaboo/app/code/core/Mage/Core/Model/Layout.php(204): Mage_Core_Model_Layout->_generateBlock(Object(Mage_Core_Model_Layout_Element), Object(Mage_Core_Model_Layout_Element))
#8 /opt/src/iyaboo/app/code/core/Mage/Core/Model/Layout.php(209): Mage_Core_Model_Layout->generateBlocks(Object(Mage_Core_Model_Layout_Element))
#9 /opt/src/iyaboo/app/code/core/Mage/Core/Controller/Varien/Action.php(345): Mage_Core_Model_Layout->generateBlocks()
#10 /opt/src/iyaboo/app/code/core/Mage/Core/Controller/Varien/Action.php(270): Mage_Core_Controller_Varien_Action->generateLayoutBlocks()
#11 /opt/src/iyaboo/app/code/core/Mage/Adminhtml/Controller/Action.php(263): Mage_Core_Controller_Varien_Action->loadLayout(NULL, true, true)
#12 /opt/src/iyaboo/app/code/local/Vertax/Amazon/controllers/Adminhtml/AmazonbackendController.php(6): Mage_Adminhtml_Controller_Action->loadLayout()
#13 /opt/src/iyaboo/app/code/core/Mage/Core/Controller/Varien/Action.php(420): Vertax_Amazon_Adminhtml_AmazonbackendController->indexAction()
#14 /opt/src/iyaboo/app/code/core/Mage/Core/Controller/Varien/Router/Standard.php(253): Mage_Core_Controller_Varien_Action->dispatch('index')
#15 /opt/src/iyaboo/app/code/core/Mage/Core/Controller/Varien/Front.php(176): Mage_Core_Controller_Varien_Router_Standard->match(Object(Mage_Core_Controller_Request_Http))
#16 /opt/src/iyaboo/app/code/local/Mage/Core/Model/App.php(408): Mage_Core_Controller_Varien_Front->dispatch()
#17 /opt/src/iyaboo/app/Mage.php(627): Mage_Core_Model_App->run(Array)
#18 /opt/src/iyaboo/index.php(82): Mage::run('', 'store')
#19 {main}
2011-09-19T15:46:36+00:00 ERR (3): 
exception 'Mage_Core_Exception' with message 'Invalid block type: Vertax_Amazon_Block_Adminhtml_Amazonbackend_Edit_Form' in /opt/src/iyaboo/app/Mage.php:550
Stack trace:
#0 /opt/src/iyaboo/app/code/core/Mage/Core/Model/Layout.php(469): Mage::throwException('Invalid block t...')
#1 /opt/src/iyaboo/app/code/core/Mage/Core/Model/Layout.php(411): Mage_Core_Model_Layout->_getBlockInstance('amazon/adminhtm...', Array)
#2 /opt/src/iyaboo/app/code/core/Mage/Adminhtml/Block/Widget/Form/Container.php(82): Mage_Core_Model_Layout->createBlock('amazon/adminhtm...')
#3 /opt/src/iyaboo/app/code/local/Vertax/Amazon/Block/Adminhtml/Upload.php(19): Mage_Adminhtml_Block_Widget_Form_Container->_prepareLayout()
#4 /opt/src/iyaboo/app/code/core/Mage/Core/Block/Abstract.php(223): Vertax_Amazon_Block_Adminhtml_Upload->_prepareLayout()
#5 /opt/src/iyaboo/app/code/core/Mage/Core/Model/Layout.php(430): Mage_Core_Block_Abstract->setLayout(Object(Mage_Core_Model_Layout))
#6 /opt/src/iyaboo/app/code/core/Mage/Core/Model/Layout.php(446): Mage_Core_Model_Layout->createBlock('amazon/adminhtm...', 'amazon_uploadfo...')
#7 /opt/src/iyaboo/app/code/core/Mage/Core/Model/Layout.php(238): Mage_Core_Model_Layout->addBlock('amazon/adminhtm...', 'amazon_uploadfo...')
#8 /opt/src/iyaboo/app/code/core/Mage/Core/Model/Layout.php(204): Mage_Core_Model_Layout->_generateBlock(Object(Mage_Core_Model_Layout_Element), Object(Mage_Core_Model_Layout_Element))
#9 /opt/src/iyaboo/app/code/core/Mage/Core/Model/Layout.php(209): Mage_Core_Model_Layout->generateBlocks(Object(Mage_Core_Model_Layout_Element))
#10 /opt/src/iyaboo/app/code/core/Mage/Core/Controller/Varien/Action.php(345): Mage_Core_Model_Layout->generateBlocks()
#11 /opt/src/iyaboo/app/code/core/Mage/Core/Controller/Varien/Action.php(270): Mage_Core_Controller_Varien_Action->generateLayoutBlocks()
#12 /opt/src/iyaboo/app/code/core/Mage/Adminhtml/Controller/Action.php(263): Mage_Core_Controller_Varien_Action->loadLayout(NULL, true, true)
#13 /opt/src/iyaboo/app/code/local/Vertax/Amazon/controllers/Adminhtml/AmazonbackendController.php(6): Mage_Adminhtml_Controller_Action->loadLayout()
#14 /opt/src/iyaboo/app/code/core/Mage/Core/Controller/Varien/Action.php(420): Vertax_Amazon_Adminhtml_AmazonbackendController->indexAction()
#15 /opt/src/iyaboo/app/code/core/Mage/Core/Controller/Varien/Router/Standard.php(253): Mage_Core_Controller_Varien_Action->dispatch('index')
#16 /opt/src/iyaboo/app/code/core/Mage/Core/Controller/Varien/Front.php(176): Mage_Core_Controller_Varien_Router_Standard->match(Object(Mage_Core_Controller_Request_Http))
#17 /opt/src/iyaboo/app/code/local/Mage/Core/Model/App.php(408): Mage_Core_Controller_Varien_Front->dispatch()
#18 /opt/src/iyaboo/app/Mage.php(627): Mage_Core_Model_App->run(Array)
#19 /opt/src/iyaboo/index.php(82): Mage::run('', 'store')
#20 {main}
2011-09-19T15:46:51+00:00 ERR (3): 
exception 'Mage_Core_Exception' with message 'Invalid block type: Vertax_Amazon_Block_Adminhtml_Amazonbackend_Edit_Form' in /opt/src/iyaboo/app/Mage.php:550
Stack trace:
#0 /opt/src/iyaboo/app/code/core/Mage/Core/Model/Layout.php(469): Mage::throwException('Invalid block t...')
#1 /opt/src/iyaboo/app/code/core/Mage/Core/Model/Layout.php(411): Mage_Core_Model_Layout->_getBlockInstance('amazon/adminhtm...', Array)
#2 /opt/src/iyaboo/app/code/core/Mage/Adminhtml/Block/Widget/Form/Container.php(82): Mage_Core_Model_Layout->createBlock('amazon/adminhtm...')
#3 /opt/src/iyaboo/app/code/local/Vertax/Amazon/Block/Adminhtml/Upload.php(19): Mage_Adminhtml_Block_Widget_Form_Container->_prepareLayout()
#4 /opt/src/iyaboo/app/code/core/Mage/Core/Block/Abstract.php(223): Vertax_Amazon_Block_Adminhtml_Upload->_prepareLayout()
#5 /opt/src/iyaboo/app/code/core/Mage/Core/Model/Layout.php(430): Mage_Core_Block_Abstract->setLayout(Object(Mage_Core_Model_Layout))
#6 /opt/src/iyaboo/app/code/core/Mage/Core/Model/Layout.php(446): Mage_Core_Model_Layout->createBlock('amazon/adminhtm...', 'amazon_uploadfo...')
#7 /opt/src/iyaboo/app/code/core/Mage/Core/Model/Layout.php(238): Mage_Core_Model_Layout->addBlock('amazon/adminhtm...', 'amazon_uploadfo...')
#8 /opt/src/iyaboo/app/code/core/Mage/Core/Model/Layout.php(204): Mage_Core_Model_Layout->_generateBlock(Object(Mage_Core_Model_Layout_Element), Object(Mage_Core_Model_Layout_Element))
#9 /opt/src/iyaboo/app/code/core/Mage/Core/Model/Layout.php(209): Mage_Core_Model_Layout->generateBlocks(Object(Mage_Core_Model_Layout_Element))
#10 /opt/src/iyaboo/app/code/core/Mage/Core/Controller/Varien/Action.php(345): Mage_Core_Model_Layout->generateBlocks()
#11 /opt/src/iyaboo/app/code/core/Mage/Core/Controller/Varien/Action.php(270): Mage_Core_Controller_Varien_Action->generateLayoutBlocks()
#12 /opt/src/iyaboo/app/code/core/Mage/Adminhtml/Controller/Action.php(263): Mage_Core_Controller_Varien_Action->loadLayout(NULL, true, true)
#13 /opt/src/iyaboo/app/code/local/Vertax/Amazon/controllers/Adminhtml/AmazonbackendController.php(6): Mage_Adminhtml_Controller_Action->loadLayout()
#14 /opt/src/iyaboo/app/code/core/Mage/Core/Controller/Varien/Action.php(420): Vertax_Amazon_Adminhtml_AmazonbackendController->indexAction()
#15 /opt/src/iyaboo/app/code/core/Mage/Core/Controller/Varien/Router/Standard.php(253): Mage_Core_Controller_Varien_Action->dispatch('index')
#16 /opt/src/iyaboo/app/code/core/Mage/Core/Controller/Varien/Front.php(176): Mage_Core_Controller_Varien_Router_Standard->match(Object(Mage_Core_Controller_Request_Http))
#17 /opt/src/iyaboo/app/code/local/Mage/Core/Model/App.php(408): Mage_Core_Controller_Varien_Front->dispatch()
#18 /opt/src/iyaboo/app/Mage.php(627): Mage_Core_Model_App->run(Array)
#19 /opt/src/iyaboo/index.php(82): Mage::run('', 'store')
#20 {main}
2011-09-19T15:47:55+00:00 ERR (3): 
exception 'Mage_Core_Exception' with message 'Invalid block type: Vertax_Amazon_Block_Empty_Edit_Form' in /opt/src/iyaboo/app/Mage.php:550
Stack trace:
#0 /opt/src/iyaboo/app/code/core/Mage/Core/Model/Layout.php(469): Mage::throwException('Invalid block t...')
#1 /opt/src/iyaboo/app/code/core/Mage/Core/Model/Layout.php(411): Mage_Core_Model_Layout->_getBlockInstance('amazon/empty_ed...', Array)
#2 /opt/src/iyaboo/app/code/core/Mage/Adminhtml/Block/Widget/Form/Container.php(82): Mage_Core_Model_Layout->createBlock('amazon/empty_ed...')
#3 /opt/src/iyaboo/app/code/local/Vertax/Amazon/Block/Adminhtml/Upload.php(19): Mage_Adminhtml_Block_Widget_Form_Container->_prepareLayout()
#4 /opt/src/iyaboo/app/code/core/Mage/Core/Block/Abstract.php(223): Vertax_Amazon_Block_Adminhtml_Upload->_prepareLayout()
#5 /opt/src/iyaboo/app/code/core/Mage/Core/Model/Layout.php(430): Mage_Core_Block_Abstract->setLayout(Object(Mage_Core_Model_Layout))
#6 /opt/src/iyaboo/app/code/core/Mage/Core/Model/Layout.php(446): Mage_Core_Model_Layout->createBlock('amazon/adminhtm...', 'amazon_uploadfo...')
#7 /opt/src/iyaboo/app/code/core/Mage/Core/Model/Layout.php(238): Mage_Core_Model_Layout->addBlock('amazon/adminhtm...', 'amazon_uploadfo...')
#8 /opt/src/iyaboo/app/code/core/Mage/Core/Model/Layout.php(204): Mage_Core_Model_Layout->_generateBlock(Object(Mage_Core_Model_Layout_Element), Object(Mage_Core_Model_Layout_Element))
#9 /opt/src/iyaboo/app/code/core/Mage/Core/Model/Layout.php(209): Mage_Core_Model_Layout->generateBlocks(Object(Mage_Core_Model_Layout_Element))
#10 /opt/src/iyaboo/app/code/core/Mage/Core/Controller/Varien/Action.php(345): Mage_Core_Model_Layout->generateBlocks()
#11 /opt/src/iyaboo/app/code/core/Mage/Core/Controller/Varien/Action.php(270): Mage_Core_Controller_Varien_Action->generateLayoutBlocks()
#12 /opt/src/iyaboo/app/code/core/Mage/Adminhtml/Controller/Action.php(263): Mage_Core_Controller_Varien_Action->loadLayout(NULL, true, true)
#13 /opt/src/iyaboo/app/code/local/Vertax/Amazon/controllers/Adminhtml/AmazonbackendController.php(6): Mage_Adminhtml_Controller_Action->loadLayout()
#14 /opt/src/iyaboo/app/code/core/Mage/Core/Controller/Varien/Action.php(420): Vertax_Amazon_Adminhtml_AmazonbackendController->indexAction()
#15 /opt/src/iyaboo/app/code/core/Mage/Core/Controller/Varien/Router/Standard.php(253): Mage_Core_Controller_Varien_Action->dispatch('index')
#16 /opt/src/iyaboo/app/code/core/Mage/Core/Controller/Varien/Front.php(176): Mage_Core_Controller_Varien_Router_Standard->match(Object(Mage_Core_Controller_Request_Http))
#17 /opt/src/iyaboo/app/code/local/Mage/Core/Model/App.php(408): Mage_Core_Controller_Varien_Front->dispatch()
#18 /opt/src/iyaboo/app/Mage.php(627): Mage_Core_Model_App->run(Array)
#19 /opt/src/iyaboo/index.php(82): Mage::run('', 'store')
#20 {main}
2011-09-19T15:49:50+00:00 ERR (3): 
exception 'Mage_Core_Exception' with message 'Invalid block type: Vertax_Amazon_Block_Empty_Edit_Form' in /opt/src/iyaboo/app/Mage.php:550
Stack trace:
#0 /opt/src/iyaboo/app/code/core/Mage/Core/Model/Layout.php(469): Mage::throwException('Invalid block t...')
#1 /opt/src/iyaboo/app/code/core/Mage/Core/Model/Layout.php(411): Mage_Core_Model_Layout->_getBlockInstance('amazon/empty_ed...', Array)
#2 /opt/src/iyaboo/app/code/core/Mage/Adminhtml/Block/Widget/Form/Container.php(82): Mage_Core_Model_Layout->createBlock('amazon/empty_ed...')
#3 /opt/src/iyaboo/app/code/local/Vertax/Amazon/Block/Adminhtml/Upload.php(19): Mage_Adminhtml_Block_Widget_Form_Container->_prepareLayout()
#4 /opt/src/iyaboo/app/code/core/Mage/Core/Block/Abstract.php(223): Vertax_Amazon_Block_Adminhtml_Upload->_prepareLayout()
#5 /opt/src/iyaboo/app/code/core/Mage/Core/Model/Layout.php(430): Mage_Core_Block_Abstract->setLayout(Object(Mage_Core_Model_Layout))
#6 /opt/src/iyaboo/app/code/core/Mage/Core/Model/Layout.php(446): Mage_Core_Model_Layout->createBlock('amazon/adminhtm...', 'amazon_uploadfo...')
#7 /opt/src/iyaboo/app/code/core/Mage/Core/Model/Layout.php(238): Mage_Core_Model_Layout->addBlock('amazon/adminhtm...', 'amazon_uploadfo...')
#8 /opt/src/iyaboo/app/code/core/Mage/Core/Model/Layout.php(204): Mage_Core_Model_Layout->_generateBlock(Object(Mage_Core_Model_Layout_Element), Object(Mage_Core_Model_Layout_Element))
#9 /opt/src/iyaboo/app/code/core/Mage/Core/Model/Layout.php(209): Mage_Core_Model_Layout->generateBlocks(Object(Mage_Core_Model_Layout_Element))
#10 /opt/src/iyaboo/app/code/core/Mage/Core/Controller/Varien/Action.php(345): Mage_Core_Model_Layout->generateBlocks()
#11 /opt/src/iyaboo/app/code/core/Mage/Core/Controller/Varien/Action.php(270): Mage_Core_Controller_Varien_Action->generateLayoutBlocks()
#12 /opt/src/iyaboo/app/code/core/Mage/Adminhtml/Controller/Action.php(263): Mage_Core_Controller_Varien_Action->loadLayout(NULL, true, true)
#13 /opt/src/iyaboo/app/code/local/Vertax/Amazon/controllers/Adminhtml/AmazonbackendController.php(6): Mage_Adminhtml_Controller_Action->loadLayout()
#14 /opt/src/iyaboo/app/code/core/Mage/Core/Controller/Varien/Action.php(420): Vertax_Amazon_Adminhtml_AmazonbackendController->indexAction()
#15 /opt/src/iyaboo/app/code/core/Mage/Core/Controller/Varien/Router/Standard.php(253): Mage_Core_Controller_Varien_Action->dispatch('index')
#16 /opt/src/iyaboo/app/code/core/Mage/Core/Controller/Varien/Front.php(176): Mage_Core_Controller_Varien_Router_Standard->match(Object(Mage_Core_Controller_Request_Http))
#17 /opt/src/iyaboo/app/code/local/Mage/Core/Model/App.php(408): Mage_Core_Controller_Varien_Front->dispatch()
#18 /opt/src/iyaboo/app/Mage.php(627): Mage_Core_Model_App->run(Array)
#19 /opt/src/iyaboo/index.php(82): Mage::run('', 'store')
#20 {main}
2011-09-19T15:51:12+00:00 ERR (3): 
exception 'Mage_Core_Exception' with message 'Invalid block type: Vertax_Amazon_Block_Empty_Edit_Form' in /opt/src/iyaboo/app/Mage.php:550
Stack trace:
#0 /opt/src/iyaboo/app/code/core/Mage/Core/Model/Layout.php(469): Mage::throwException('Invalid block t...')
#1 /opt/src/iyaboo/app/code/core/Mage/Core/Model/Layout.php(411): Mage_Core_Model_Layout->_getBlockInstance('amazon/empty_ed...', Array)
#2 /opt/src/iyaboo/app/code/core/Mage/Adminhtml/Block/Widget/Form/Container.php(82): Mage_Core_Model_Layout->createBlock('amazon/empty_ed...')
#3 /opt/src/iyaboo/app/code/local/Vertax/Amazon/Block/Adminhtml/Upload.php(19): Mage_Adminhtml_Block_Widget_Form_Container->_prepareLayout()
#4 /opt/src/iyaboo/app/code/core/Mage/Core/Block/Abstract.php(223): Vertax_Amazon_Block_Adminhtml_Upload->_prepareLayout()
#5 /opt/src/iyaboo/app/code/core/Mage/Core/Model/Layout.php(430): Mage_Core_Block_Abstract->setLayout(Object(Mage_Core_Model_Layout))
#6 /opt/src/iyaboo/app/code/core/Mage/Core/Model/Layout.php(446): Mage_Core_Model_Layout->createBlock('amazon/adminhtm...', 'amazon_uploadfo...')
#7 /opt/src/iyaboo/app/code/core/Mage/Core/Model/Layout.php(238): Mage_Core_Model_Layout->addBlock('amazon/adminhtm...', 'amazon_uploadfo...')
#8 /opt/src/iyaboo/app/code/core/Mage/Core/Model/Layout.php(204): Mage_Core_Model_Layout->_generateBlock(Object(Mage_Core_Model_Layout_Element), Object(Mage_Core_Model_Layout_Element))
#9 /opt/src/iyaboo/app/code/core/Mage/Core/Model/Layout.php(209): Mage_Core_Model_Layout->generateBlocks(Object(Mage_Core_Model_Layout_Element))
#10 /opt/src/iyaboo/app/code/core/Mage/Core/Controller/Varien/Action.php(345): Mage_Core_Model_Layout->generateBlocks()
#11 /opt/src/iyaboo/app/code/core/Mage/Core/Controller/Varien/Action.php(270): Mage_Core_Controller_Varien_Action->generateLayoutBlocks()
#12 /opt/src/iyaboo/app/code/core/Mage/Adminhtml/Controller/Action.php(263): Mage_Core_Controller_Varien_Action->loadLayout(NULL, true, true)
#13 /opt/src/iyaboo/app/code/local/Vertax/Amazon/controllers/Adminhtml/AmazonbackendController.php(6): Mage_Adminhtml_Controller_Action->loadLayout()
#14 /opt/src/iyaboo/app/code/core/Mage/Core/Controller/Varien/Action.php(420): Vertax_Amazon_Adminhtml_AmazonbackendController->indexAction()
#15 /opt/src/iyaboo/app/code/core/Mage/Core/Controller/Varien/Router/Standard.php(253): Mage_Core_Controller_Varien_Action->dispatch('index')
#16 /opt/src/iyaboo/app/code/core/Mage/Core/Controller/Varien/Front.php(176): Mage_Core_Controller_Varien_Router_Standard->match(Object(Mage_Core_Controller_Request_Http))
#17 /opt/src/iyaboo/app/code/local/Mage/Core/Model/App.php(408): Mage_Core_Controller_Varien_Front->dispatch()
#18 /opt/src/iyaboo/app/Mage.php(627): Mage_Core_Model_App->run(Array)
#19 /opt/src/iyaboo/index.php(82): Mage::run('', 'store')
#20 {main}
2011-09-19T15:51:41+00:00 ERR (3): 
exception 'Mage_Core_Exception' with message 'Invalid block type: Vertax_Amazon_Block_Empty_Edit_Form' in /opt/src/iyaboo/app/Mage.php:550
Stack trace:
#0 /opt/src/iyaboo/app/code/core/Mage/Core/Model/Layout.php(469): Mage::throwException('Invalid block t...')
#1 /opt/src/iyaboo/app/code/core/Mage/Core/Model/Layout.php(411): Mage_Core_Model_Layout->_getBlockInstance('amazon/empty_ed...', Array)
#2 /opt/src/iyaboo/app/code/core/Mage/Adminhtml/Block/Widget/Form/Container.php(82): Mage_Core_Model_Layout->createBlock('amazon/empty_ed...')
#3 /opt/src/iyaboo/app/code/local/Vertax/Amazon/Block/Adminhtml/Upload.php(19): Mage_Adminhtml_Block_Widget_Form_Container->_prepareLayout()
#4 /opt/src/iyaboo/app/code/core/Mage/Core/Block/Abstract.php(223): Vertax_Amazon_Block_Adminhtml_Upload->_prepareLayout()
#5 /opt/src/iyaboo/app/code/core/Mage/Core/Model/Layout.php(430): Mage_Core_Block_Abstract->setLayout(Object(Mage_Core_Model_Layout))
#6 /opt/src/iyaboo/app/code/core/Mage/Core/Model/Layout.php(446): Mage_Core_Model_Layout->createBlock('amazon/adminhtm...', 'amazon_uploadfo...')
#7 /opt/src/iyaboo/app/code/core/Mage/Core/Model/Layout.php(238): Mage_Core_Model_Layout->addBlock('amazon/adminhtm...', 'amazon_uploadfo...')
#8 /opt/src/iyaboo/app/code/core/Mage/Core/Model/Layout.php(204): Mage_Core_Model_Layout->_generateBlock(Object(Mage_Core_Model_Layout_Element), Object(Mage_Core_Model_Layout_Element))
#9 /opt/src/iyaboo/app/code/core/Mage/Core/Model/Layout.php(209): Mage_Core_Model_Layout->generateBlocks(Object(Mage_Core_Model_Layout_Element))
#10 /opt/src/iyaboo/app/code/core/Mage/Core/Controller/Varien/Action.php(345): Mage_Core_Model_Layout->generateBlocks()
#11 /opt/src/iyaboo/app/code/core/Mage/Core/Controller/Varien/Action.php(270): Mage_Core_Controller_Varien_Action->generateLayoutBlocks()
#12 /opt/src/iyaboo/app/code/core/Mage/Adminhtml/Controller/Action.php(263): Mage_Core_Controller_Varien_Action->loadLayout(NULL, true, true)
#13 /opt/src/iyaboo/app/code/local/Vertax/Amazon/controllers/Adminhtml/AmazonbackendController.php(6): Mage_Adminhtml_Controller_Action->loadLayout()
#14 /opt/src/iyaboo/app/code/core/Mage/Core/Controller/Varien/Action.php(420): Vertax_Amazon_Adminhtml_AmazonbackendController->indexAction()
#15 /opt/src/iyaboo/app/code/core/Mage/Core/Controller/Varien/Router/Standard.php(253): Mage_Core_Controller_Varien_Action->dispatch('index')
#16 /opt/src/iyaboo/app/code/core/Mage/Core/Controller/Varien/Front.php(176): Mage_Core_Controller_Varien_Router_Standard->match(Object(Mage_Core_Controller_Request_Http))
#17 /opt/src/iyaboo/app/code/local/Mage/Core/Model/App.php(408): Mage_Core_Controller_Varien_Front->dispatch()
#18 /opt/src/iyaboo/app/Mage.php(627): Mage_Core_Model_App->run(Array)
#19 /opt/src/iyaboo/index.php(82): Mage::run('', 'store')
#20 {main}
2011-09-19T15:57:37+00:00 ERR (3): 
exception 'Mage_Core_Exception' with message 'Invalid block type: Vertax_Amazon_Block_Empty_Edit_Form' in /opt/src/iyaboo/app/Mage.php:550
Stack trace:
#0 /opt/src/iyaboo/app/code/core/Mage/Core/Model/Layout.php(469): Mage::throwException('Invalid block t...')
#1 /opt/src/iyaboo/app/code/core/Mage/Core/Model/Layout.php(411): Mage_Core_Model_Layout->_getBlockInstance('amazon/empty_ed...', Array)
#2 /opt/src/iyaboo/app/code/core/Mage/Adminhtml/Block/Widget/Form/Container.php(82): Mage_Core_Model_Layout->createBlock('amazon/empty_ed...')
#3 /opt/src/iyaboo/app/code/local/Vertax/Amazon/Block/Adminhtml/Upload.php(19): Mage_Adminhtml_Block_Widget_Form_Container->_prepareLayout()
#4 /opt/src/iyaboo/app/code/core/Mage/Core/Block/Abstract.php(223): Vertax_Amazon_Block_Adminhtml_Upload->_prepareLayout()
#5 /opt/src/iyaboo/app/code/core/Mage/Core/Model/Layout.php(430): Mage_Core_Block_Abstract->setLayout(Object(Mage_Core_Model_Layout))
#6 /opt/src/iyaboo/app/code/core/Mage/Core/Model/Layout.php(446): Mage_Core_Model_Layout->createBlock('amazon/adminhtm...', 'amazon_uploadfo...')
#7 /opt/src/iyaboo/app/code/core/Mage/Core/Model/Layout.php(238): Mage_Core_Model_Layout->addBlock('amazon/adminhtm...', 'amazon_uploadfo...')
#8 /opt/src/iyaboo/app/code/core/Mage/Core/Model/Layout.php(204): Mage_Core_Model_Layout->_generateBlock(Object(Mage_Core_Model_Layout_Element), Object(Mage_Core_Model_Layout_Element))
#9 /opt/src/iyaboo/app/code/core/Mage/Core/Model/Layout.php(209): Mage_Core_Model_Layout->generateBlocks(Object(Mage_Core_Model_Layout_Element))
#10 /opt/src/iyaboo/app/code/core/Mage/Core/Controller/Varien/Action.php(345): Mage_Core_Model_Layout->generateBlocks()
#11 /opt/src/iyaboo/app/code/core/Mage/Core/Controller/Varien/Action.php(270): Mage_Core_Controller_Varien_Action->generateLayoutBlocks()
#12 /opt/src/iyaboo/app/code/core/Mage/Adminhtml/Controller/Action.php(263): Mage_Core_Controller_Varien_Action->loadLayout(NULL, true, true)
#13 /opt/src/iyaboo/app/code/local/Vertax/Amazon/controllers/Adminhtml/AmazonbackendController.php(6): Mage_Adminhtml_Controller_Action->loadLayout()
#14 /opt/src/iyaboo/app/code/core/Mage/Core/Controller/Varien/Action.php(420): Vertax_Amazon_Adminhtml_AmazonbackendController->indexAction()
#15 /opt/src/iyaboo/app/code/core/Mage/Core/Controller/Varien/Router/Standard.php(253): Mage_Core_Controller_Varien_Action->dispatch('index')
#16 /opt/src/iyaboo/app/code/core/Mage/Core/Controller/Varien/Front.php(176): Mage_Core_Controller_Varien_Router_Standard->match(Object(Mage_Core_Controller_Request_Http))
#17 /opt/src/iyaboo/app/code/local/Mage/Core/Model/App.php(408): Mage_Core_Controller_Varien_Front->dispatch()
#18 /opt/src/iyaboo/app/Mage.php(627): Mage_Core_Model_App->run(Array)
#19 /opt/src/iyaboo/index.php(82): Mage::run('', 'store')
#20 {main}
2011-09-19T15:59:00+00:00 ERR (3): 
exception 'Mage_Core_Exception' with message 'Invalid block type: Vertax_Amazon_Block_Empty_Edit_Form' in /opt/src/iyaboo/app/Mage.php:550
Stack trace:
#0 /opt/src/iyaboo/app/code/core/Mage/Core/Model/Layout.php(469): Mage::throwException('Invalid block t...')
#1 /opt/src/iyaboo/app/code/core/Mage/Core/Model/Layout.php(411): Mage_Core_Model_Layout->_getBlockInstance('amazon/empty_ed...', Array)
#2 /opt/src/iyaboo/app/code/core/Mage/Adminhtml/Block/Widget/Form/Container.php(82): Mage_Core_Model_Layout->createBlock('amazon/empty_ed...')
#3 /opt/src/iyaboo/app/code/local/Vertax/Amazon/Block/Adminhtml/Upload.php(19): Mage_Adminhtml_Block_Widget_Form_Container->_prepareLayout()
#4 /opt/src/iyaboo/app/code/core/Mage/Core/Block/Abstract.php(223): Vertax_Amazon_Block_Adminhtml_Upload->_prepareLayout()
#5 /opt/src/iyaboo/app/code/core/Mage/Core/Model/Layout.php(430): Mage_Core_Block_Abstract->setLayout(Object(Mage_Core_Model_Layout))
#6 /opt/src/iyaboo/app/code/core/Mage/Core/Model/Layout.php(446): Mage_Core_Model_Layout->createBlock('amazon/adminhtm...', 'amazon_uploadfo...')
#7 /opt/src/iyaboo/app/code/core/Mage/Core/Model/Layout.php(238): Mage_Core_Model_Layout->addBlock('amazon/adminhtm...', 'amazon_uploadfo...')
#8 /opt/src/iyaboo/app/code/core/Mage/Core/Model/Layout.php(204): Mage_Core_Model_Layout->_generateBlock(Object(Mage_Core_Model_Layout_Element), Object(Mage_Core_Model_Layout_Element))
#9 /opt/src/iyaboo/app/code/core/Mage/Core/Model/Layout.php(209): Mage_Core_Model_Layout->generateBlocks(Object(Mage_Core_Model_Layout_Element))
#10 /opt/src/iyaboo/app/code/core/Mage/Core/Controller/Varien/Action.php(345): Mage_Core_Model_Layout->generateBlocks()
#11 /opt/src/iyaboo/app/code/core/Mage/Core/Controller/Varien/Action.php(270): Mage_Core_Controller_Varien_Action->generateLayoutBlocks()
#12 /opt/src/iyaboo/app/code/core/Mage/Adminhtml/Controller/Action.php(263): Mage_Core_Controller_Varien_Action->loadLayout(NULL, true, true)
#13 /opt/src/iyaboo/app/code/local/Vertax/Amazon/controllers/Adminhtml/AmazonbackendController.php(6): Mage_Adminhtml_Controller_Action->loadLayout()
#14 /opt/src/iyaboo/app/code/core/Mage/Core/Controller/Varien/Action.php(420): Vertax_Amazon_Adminhtml_AmazonbackendController->indexAction()
#15 /opt/src/iyaboo/app/code/core/Mage/Core/Controller/Varien/Router/Standard.php(253): Mage_Core_Controller_Varien_Action->dispatch('index')
#16 /opt/src/iyaboo/app/code/core/Mage/Core/Controller/Varien/Front.php(176): Mage_Core_Controller_Varien_Router_Standard->match(Object(Mage_Core_Controller_Request_Http))
#17 /opt/src/iyaboo/app/code/local/Mage/Core/Model/App.php(408): Mage_Core_Controller_Varien_Front->dispatch()
#18 /opt/src/iyaboo/app/Mage.php(627): Mage_Core_Model_App->run(Array)
#19 /opt/src/iyaboo/index.php(82): Mage::run('', 'store')
#20 {main}
2011-09-19T16:03:01+00:00 ERR (3): 
exception 'Mage_Core_Exception' with message 'Invalid block type: Vertax_Amazon_Block_Empty_Edit_Form' in /opt/src/iyaboo/app/Mage.php:550
Stack trace:
#0 /opt/src/iyaboo/app/code/core/Mage/Core/Model/Layout.php(469): Mage::throwException('Invalid block t...')
#1 /opt/src/iyaboo/app/code/core/Mage/Core/Model/Layout.php(411): Mage_Core_Model_Layout->_getBlockInstance('amazon/empty_ed...', Array)
#2 /opt/src/iyaboo/app/code/core/Mage/Adminhtml/Block/Widget/Form/Container.php(82): Mage_Core_Model_Layout->createBlock('amazon/empty_ed...')
#3 /opt/src/iyaboo/app/code/local/Vertax/Amazon/Block/Adminhtml/Upload.php(19): Mage_Adminhtml_Block_Widget_Form_Container->_prepareLayout()
#4 /opt/src/iyaboo/app/code/core/Mage/Core/Block/Abstract.php(223): Vertax_Amazon_Block_Adminhtml_Upload->_prepareLayout()
#5 /opt/src/iyaboo/app/code/core/Mage/Core/Model/Layout.php(430): Mage_Core_Block_Abstract->setLayout(Object(Mage_Core_Model_Layout))
#6 /opt/src/iyaboo/app/code/core/Mage/Core/Model/Layout.php(446): Mage_Core_Model_Layout->createBlock('amazon/adminhtm...', 'amazon_uploadfo...')
#7 /opt/src/iyaboo/app/code/core/Mage/Core/Model/Layout.php(238): Mage_Core_Model_Layout->addBlock('amazon/adminhtm...', 'amazon_uploadfo...')
#8 /opt/src/iyaboo/app/code/core/Mage/Core/Model/Layout.php(204): Mage_Core_Model_Layout->_generateBlock(Object(Mage_Core_Model_Layout_Element), Object(Mage_Core_Model_Layout_Element))
#9 /opt/src/iyaboo/app/code/core/Mage/Core/Model/Layout.php(209): Mage_Core_Model_Layout->generateBlocks(Object(Mage_Core_Model_Layout_Element))
#10 /opt/src/iyaboo/app/code/core/Mage/Core/Controller/Varien/Action.php(345): Mage_Core_Model_Layout->generateBlocks()
#11 /opt/src/iyaboo/app/code/core/Mage/Core/Controller/Varien/Action.php(270): Mage_Core_Controller_Varien_Action->generateLayoutBlocks()
#12 /opt/src/iyaboo/app/code/core/Mage/Adminhtml/Controller/Action.php(263): Mage_Core_Controller_Varien_Action->loadLayout(NULL, true, true)
#13 /opt/src/iyaboo/app/code/local/Vertax/Amazon/controllers/Adminhtml/AmazonbackendController.php(6): Mage_Adminhtml_Controller_Action->loadLayout()
#14 /opt/src/iyaboo/app/code/core/Mage/Core/Controller/Varien/Action.php(420): Vertax_Amazon_Adminhtml_AmazonbackendController->indexAction()
#15 /opt/src/iyaboo/app/code/core/Mage/Core/Controller/Varien/Router/Standard.php(253): Mage_Core_Controller_Varien_Action->dispatch('index')
#16 /opt/src/iyaboo/app/code/core/Mage/Core/Controller/Varien/Front.php(176): Mage_Core_Controller_Varien_Router_Standard->match(Object(Mage_Core_Controller_Request_Http))
#17 /opt/src/iyaboo/app/code/local/Mage/Core/Model/App.php(408): Mage_Core_Controller_Varien_Front->dispatch()
#18 /opt/src/iyaboo/app/Mage.php(627): Mage_Core_Model_App->run(Array)
#19 /opt/src/iyaboo/index.php(82): Mage::run('', 'store')
#20 {main}
2011-09-19T16:06:15+00:00 ERR (3): 
exception 'Mage_Core_Exception' with message 'Invalid block type: Vertax_Amazon_Block_Empty_Edit_Form' in /opt/src/iyaboo/app/Mage.php:550
Stack trace:
#0 /opt/src/iyaboo/app/code/core/Mage/Core/Model/Layout.php(469): Mage::throwException('Invalid block t...')
#1 /opt/src/iyaboo/app/code/core/Mage/Core/Model/Layout.php(411): Mage_Core_Model_Layout->_getBlockInstance('amazon/empty_ed...', Array)
#2 /opt/src/iyaboo/app/code/core/Mage/Adminhtml/Block/Widget/Form/Container.php(82): Mage_Core_Model_Layout->createBlock('amazon/empty_ed...')
#3 /opt/src/iyaboo/app/code/local/Vertax/Amazon/Block/Adminhtml/Upload.php(19): Mage_Adminhtml_Block_Widget_Form_Container->_prepareLayout()
#4 /opt/src/iyaboo/app/code/core/Mage/Core/Block/Abstract.php(223): Vertax_Amazon_Block_Adminhtml_Upload->_prepareLayout()
#5 /opt/src/iyaboo/app/code/core/Mage/Core/Model/Layout.php(430): Mage_Core_Block_Abstract->setLayout(Object(Mage_Core_Model_Layout))
#6 /opt/src/iyaboo/app/code/core/Mage/Core/Model/Layout.php(446): Mage_Core_Model_Layout->createBlock('amazon/adminhtm...', 'amazon_uploadfo...')
#7 /opt/src/iyaboo/app/code/core/Mage/Core/Model/Layout.php(238): Mage_Core_Model_Layout->addBlock('amazon/adminhtm...', 'amazon_uploadfo...')
#8 /opt/src/iyaboo/app/code/core/Mage/Core/Model/Layout.php(204): Mage_Core_Model_Layout->_generateBlock(Object(Mage_Core_Model_Layout_Element), Object(Mage_Core_Model_Layout_Element))
#9 /opt/src/iyaboo/app/code/core/Mage/Core/Model/Layout.php(209): Mage_Core_Model_Layout->generateBlocks(Object(Mage_Core_Model_Layout_Element))
#10 /opt/src/iyaboo/app/code/core/Mage/Core/Controller/Varien/Action.php(345): Mage_Core_Model_Layout->generateBlocks()
#11 /opt/src/iyaboo/app/code/core/Mage/Core/Controller/Varien/Action.php(270): Mage_Core_Controller_Varien_Action->generateLayoutBlocks()
#12 /opt/src/iyaboo/app/code/core/Mage/Adminhtml/Controller/Action.php(263): Mage_Core_Controller_Varien_Action->loadLayout(NULL, true, true)
#13 /opt/src/iyaboo/app/code/local/Vertax/Amazon/controllers/Adminhtml/AmazonbackendController.php(6): Mage_Adminhtml_Controller_Action->loadLayout()
#14 /opt/src/iyaboo/app/code/core/Mage/Core/Controller/Varien/Action.php(420): Vertax_Amazon_Adminhtml_AmazonbackendController->indexAction()
#15 /opt/src/iyaboo/app/code/core/Mage/Core/Controller/Varien/Router/Standard.php(253): Mage_Core_Controller_Varien_Action->dispatch('index')
#16 /opt/src/iyaboo/app/code/core/Mage/Core/Controller/Varien/Front.php(176): Mage_Core_Controller_Varien_Router_Standard->match(Object(Mage_Core_Controller_Request_Http))
#17 /opt/src/iyaboo/app/code/local/Mage/Core/Model/App.php(408): Mage_Core_Controller_Varien_Front->dispatch()
#18 /opt/src/iyaboo/app/Mage.php(627): Mage_Core_Model_App->run(Array)
#19 /opt/src/iyaboo/index.php(82): Mage::run('', 'store')
#20 {main}
2011-09-19T16:14:20+00:00 ERR (3): 
exception 'Mage_Core_Exception' with message 'Invalid block type: Vertax_Amazon_Block_Empty_Edit_Form' in /opt/src/iyaboo/app/Mage.php:550
Stack trace:
#0 /opt/src/iyaboo/app/code/core/Mage/Core/Model/Layout.php(469): Mage::throwException('Invalid block t...')
#1 /opt/src/iyaboo/app/code/core/Mage/Core/Model/Layout.php(411): Mage_Core_Model_Layout->_getBlockInstance('amazon/empty_ed...', Array)
#2 /opt/src/iyaboo/app/code/core/Mage/Adminhtml/Block/Widget/Form/Container.php(82): Mage_Core_Model_Layout->createBlock('amazon/empty_ed...')
#3 /opt/src/iyaboo/app/code/local/Vertax/Amazon/Block/Adminhtml/Upload.php(19): Mage_Adminhtml_Block_Widget_Form_Container->_prepareLayout()
#4 /opt/src/iyaboo/app/code/core/Mage/Core/Block/Abstract.php(223): Vertax_Amazon_Block_Adminhtml_Upload->_prepareLayout()
#5 /opt/src/iyaboo/app/code/core/Mage/Core/Model/Layout.php(430): Mage_Core_Block_Abstract->setLayout(Object(Mage_Core_Model_Layout))
#6 /opt/src/iyaboo/app/code/core/Mage/Core/Model/Layout.php(446): Mage_Core_Model_Layout->createBlock('amazon/adminhtm...', 'amazon_uploadfo...')
#7 /opt/src/iyaboo/app/code/core/Mage/Core/Model/Layout.php(238): Mage_Core_Model_Layout->addBlock('amazon/adminhtm...', 'amazon_uploadfo...')
#8 /opt/src/iyaboo/app/code/core/Mage/Core/Model/Layout.php(204): Mage_Core_Model_Layout->_generateBlock(Object(Mage_Core_Model_Layout_Element), Object(Mage_Core_Model_Layout_Element))
#9 /opt/src/iyaboo/app/code/core/Mage/Core/Model/Layout.php(209): Mage_Core_Model_Layout->generateBlocks(Object(Mage_Core_Model_Layout_Element))
#10 /opt/src/iyaboo/app/code/core/Mage/Core/Controller/Varien/Action.php(345): Mage_Core_Model_Layout->generateBlocks()
#11 /opt/src/iyaboo/app/code/core/Mage/Core/Controller/Varien/Action.php(270): Mage_Core_Controller_Varien_Action->generateLayoutBlocks()
#12 /opt/src/iyaboo/app/code/core/Mage/Adminhtml/Controller/Action.php(263): Mage_Core_Controller_Varien_Action->loadLayout(NULL, true, true)
#13 /opt/src/iyaboo/app/code/local/Vertax/Amazon/controllers/Adminhtml/AmazonbackendController.php(6): Mage_Adminhtml_Controller_Action->loadLayout()
#14 /opt/src/iyaboo/app/code/core/Mage/Core/Controller/Varien/Action.php(420): Vertax_Amazon_Adminhtml_AmazonbackendController->indexAction()
#15 /opt/src/iyaboo/app/code/core/Mage/Core/Controller/Varien/Router/Standard.php(253): Mage_Core_Controller_Varien_Action->dispatch('index')
#16 /opt/src/iyaboo/app/code/core/Mage/Core/Controller/Varien/Front.php(176): Mage_Core_Controller_Varien_Router_Standard->match(Object(Mage_Core_Controller_Request_Http))
#17 /opt/src/iyaboo/app/code/local/Mage/Core/Model/App.php(408): Mage_Core_Controller_Varien_Front->dispatch()
#18 /opt/src/iyaboo/app/Mage.php(627): Mage_Core_Model_App->run(Array)
#19 /opt/src/iyaboo/index.php(82): Mage::run('', 'store')
#20 {main}
2011-09-19T16:14:26+00:00 ERR (3): 
exception 'Mage_Core_Exception' with message 'Invalid block type: Vertax_Amazon_Block_Empty_Edit_Form' in /opt/src/iyaboo/app/Mage.php:550
Stack trace:
#0 /opt/src/iyaboo/app/code/core/Mage/Core/Model/Layout.php(469): Mage::throwException('Invalid block t...')
#1 /opt/src/iyaboo/app/code/core/Mage/Core/Model/Layout.php(411): Mage_Core_Model_Layout->_getBlockInstance('amazon/empty_ed...', Array)
#2 /opt/src/iyaboo/app/code/core/Mage/Adminhtml/Block/Widget/Form/Container.php(82): Mage_Core_Model_Layout->createBlock('amazon/empty_ed...')
#3 /opt/src/iyaboo/app/code/local/Vertax/Amazon/Block/Adminhtml/Upload.php(19): Mage_Adminhtml_Block_Widget_Form_Container->_prepareLayout()
#4 /opt/src/iyaboo/app/code/core/Mage/Core/Block/Abstract.php(223): Vertax_Amazon_Block_Adminhtml_Upload->_prepareLayout()
#5 /opt/src/iyaboo/app/code/core/Mage/Core/Model/Layout.php(430): Mage_Core_Block_Abstract->setLayout(Object(Mage_Core_Model_Layout))
#6 /opt/src/iyaboo/app/code/core/Mage/Core/Model/Layout.php(446): Mage_Core_Model_Layout->createBlock('amazon/adminhtm...', 'amazon_uploadfo...')
#7 /opt/src/iyaboo/app/code/core/Mage/Core/Model/Layout.php(238): Mage_Core_Model_Layout->addBlock('amazon/adminhtm...', 'amazon_uploadfo...')
#8 /opt/src/iyaboo/app/code/core/Mage/Core/Model/Layout.php(204): Mage_Core_Model_Layout->_generateBlock(Object(Mage_Core_Model_Layout_Element), Object(Mage_Core_Model_Layout_Element))
#9 /opt/src/iyaboo/app/code/core/Mage/Core/Model/Layout.php(209): Mage_Core_Model_Layout->generateBlocks(Object(Mage_Core_Model_Layout_Element))
#10 /opt/src/iyaboo/app/code/core/Mage/Core/Controller/Varien/Action.php(345): Mage_Core_Model_Layout->generateBlocks()
#11 /opt/src/iyaboo/app/code/core/Mage/Core/Controller/Varien/Action.php(270): Mage_Core_Controller_Varien_Action->generateLayoutBlocks()
#12 /opt/src/iyaboo/app/code/core/Mage/Adminhtml/Controller/Action.php(263): Mage_Core_Controller_Varien_Action->loadLayout(NULL, true, true)
#13 /opt/src/iyaboo/app/code/local/Vertax/Amazon/controllers/Adminhtml/AmazonbackendController.php(6): Mage_Adminhtml_Controller_Action->loadLayout()
#14 /opt/src/iyaboo/app/code/core/Mage/Core/Controller/Varien/Action.php(420): Vertax_Amazon_Adminhtml_AmazonbackendController->indexAction()
#15 /opt/src/iyaboo/app/code/core/Mage/Core/Controller/Varien/Router/Standard.php(253): Mage_Core_Controller_Varien_Action->dispatch('index')
#16 /opt/src/iyaboo/app/code/core/Mage/Core/Controller/Varien/Front.php(176): Mage_Core_Controller_Varien_Router_Standard->match(Object(Mage_Core_Controller_Request_Http))
#17 /opt/src/iyaboo/app/code/local/Mage/Core/Model/App.php(408): Mage_Core_Controller_Varien_Front->dispatch()
#18 /opt/src/iyaboo/app/Mage.php(627): Mage_Core_Model_App->run(Array)
#19 /opt/src/iyaboo/index.php(82): Mage::run('', 'store')
#20 {main}
2011-09-19T16:17:52+00:00 ERR (3): 
exception 'Mage_Core_Exception' with message 'Invalid block type: Vertax_Amazon_Block_Empty_Edit_Form' in /opt/src/iyaboo/app/Mage.php:550
Stack trace:
#0 /opt/src/iyaboo/app/code/core/Mage/Core/Model/Layout.php(469): Mage::throwException('Invalid block t...')
#1 /opt/src/iyaboo/app/code/core/Mage/Core/Model/Layout.php(411): Mage_Core_Model_Layout->_getBlockInstance('amazon/empty_ed...', Array)
#2 /opt/src/iyaboo/app/code/core/Mage/Adminhtml/Block/Widget/Form/Container.php(82): Mage_Core_Model_Layout->createBlock('amazon/empty_ed...')
#3 /opt/src/iyaboo/app/code/local/Vertax/Amazon/Block/Adminhtml/Upload.php(19): Mage_Adminhtml_Block_Widget_Form_Container->_prepareLayout()
#4 /opt/src/iyaboo/app/code/core/Mage/Core/Block/Abstract.php(223): Vertax_Amazon_Block_Adminhtml_Upload->_prepareLayout()
#5 /opt/src/iyaboo/app/code/core/Mage/Core/Model/Layout.php(430): Mage_Core_Block_Abstract->setLayout(Object(Mage_Core_Model_Layout))
#6 /opt/src/iyaboo/app/code/core/Mage/Core/Model/Layout.php(446): Mage_Core_Model_Layout->createBlock('amazon/adminhtm...', 'amazon_uploadfo...')
#7 /opt/src/iyaboo/app/code/core/Mage/Core/Model/Layout.php(238): Mage_Core_Model_Layout->addBlock('amazon/adminhtm...', 'amazon_uploadfo...')
#8 /opt/src/iyaboo/app/code/core/Mage/Core/Model/Layout.php(204): Mage_Core_Model_Layout->_generateBlock(Object(Mage_Core_Model_Layout_Element), Object(Mage_Core_Model_Layout_Element))
#9 /opt/src/iyaboo/app/code/core/Mage/Core/Model/Layout.php(209): Mage_Core_Model_Layout->generateBlocks(Object(Mage_Core_Model_Layout_Element))
#10 /opt/src/iyaboo/app/code/core/Mage/Core/Controller/Varien/Action.php(345): Mage_Core_Model_Layout->generateBlocks()
#11 /opt/src/iyaboo/app/code/core/Mage/Core/Controller/Varien/Action.php(270): Mage_Core_Controller_Varien_Action->generateLayoutBlocks()
#12 /opt/src/iyaboo/app/code/core/Mage/Adminhtml/Controller/Action.php(263): Mage_Core_Controller_Varien_Action->loadLayout(NULL, true, true)
#13 /opt/src/iyaboo/app/code/local/Vertax/Amazon/controllers/Adminhtml/AmazonbackendController.php(6): Mage_Adminhtml_Controller_Action->loadLayout()
#14 /opt/src/iyaboo/app/code/core/Mage/Core/Controller/Varien/Action.php(420): Vertax_Amazon_Adminhtml_AmazonbackendController->indexAction()
#15 /opt/src/iyaboo/app/code/core/Mage/Core/Controller/Varien/Router/Standard.php(253): Mage_Core_Controller_Varien_Action->dispatch('index')
#16 /opt/src/iyaboo/app/code/core/Mage/Core/Controller/Varien/Front.php(176): Mage_Core_Controller_Varien_Router_Standard->match(Object(Mage_Core_Controller_Request_Http))
#17 /opt/src/iyaboo/app/code/local/Mage/Core/Model/App.php(408): Mage_Core_Controller_Varien_Front->dispatch()
#18 /opt/src/iyaboo/app/Mage.php(627): Mage_Core_Model_App->run(Array)
#19 /opt/src/iyaboo/index.php(82): Mage::run('', 'store')
#20 {main}
2011-09-19T16:18:50+00:00 ERR (3): 
exception 'Mage_Core_Exception' with message 'Invalid block type: Vertax_Amazon_Block_Empty_Edit_Form' in /opt/src/iyaboo/app/Mage.php:550
Stack trace:
#0 /opt/src/iyaboo/app/code/core/Mage/Core/Model/Layout.php(469): Mage::throwException('Invalid block t...')
#1 /opt/src/iyaboo/app/code/core/Mage/Core/Model/Layout.php(411): Mage_Core_Model_Layout->_getBlockInstance('amazon/empty_ed...', Array)
#2 /opt/src/iyaboo/app/code/core/Mage/Adminhtml/Block/Widget/Form/Container.php(82): Mage_Core_Model_Layout->createBlock('amazon/empty_ed...')
#3 /opt/src/iyaboo/app/code/local/Vertax/Amazon/Block/Adminhtml/Upload.php(19): Mage_Adminhtml_Block_Widget_Form_Container->_prepareLayout()
#4 /opt/src/iyaboo/app/code/core/Mage/Core/Block/Abstract.php(223): Vertax_Amazon_Block_Adminhtml_Upload->_prepareLayout()
#5 /opt/src/iyaboo/app/code/core/Mage/Core/Model/Layout.php(430): Mage_Core_Block_Abstract->setLayout(Object(Mage_Core_Model_Layout))
#6 /opt/src/iyaboo/app/code/core/Mage/Core/Model/Layout.php(446): Mage_Core_Model_Layout->createBlock('amazon/adminhtm...', 'amazon_uploadfo...')
#7 /opt/src/iyaboo/app/code/core/Mage/Core/Model/Layout.php(238): Mage_Core_Model_Layout->addBlock('amazon/adminhtm...', 'amazon_uploadfo...')
#8 /opt/src/iyaboo/app/code/core/Mage/Core/Model/Layout.php(204): Mage_Core_Model_Layout->_generateBlock(Object(Mage_Core_Model_Layout_Element), Object(Mage_Core_Model_Layout_Element))
#9 /opt/src/iyaboo/app/code/core/Mage/Core/Model/Layout.php(209): Mage_Core_Model_Layout->generateBlocks(Object(Mage_Core_Model_Layout_Element))
#10 /opt/src/iyaboo/app/code/core/Mage/Core/Controller/Varien/Action.php(345): Mage_Core_Model_Layout->generateBlocks()
#11 /opt/src/iyaboo/app/code/core/Mage/Core/Controller/Varien/Action.php(270): Mage_Core_Controller_Varien_Action->generateLayoutBlocks()
#12 /opt/src/iyaboo/app/code/core/Mage/Adminhtml/Controller/Action.php(263): Mage_Core_Controller_Varien_Action->loadLayout(NULL, true, true)
#13 /opt/src/iyaboo/app/code/local/Vertax/Amazon/controllers/Adminhtml/AmazonbackendController.php(6): Mage_Adminhtml_Controller_Action->loadLayout()
#14 /opt/src/iyaboo/app/code/core/Mage/Core/Controller/Varien/Action.php(420): Vertax_Amazon_Adminhtml_AmazonbackendController->indexAction()
#15 /opt/src/iyaboo/app/code/core/Mage/Core/Controller/Varien/Router/Standard.php(253): Mage_Core_Controller_Varien_Action->dispatch('index')
#16 /opt/src/iyaboo/app/code/core/Mage/Core/Controller/Varien/Front.php(176): Mage_Core_Controller_Varien_Router_Standard->match(Object(Mage_Core_Controller_Request_Http))
#17 /opt/src/iyaboo/app/code/local/Mage/Core/Model/App.php(408): Mage_Core_Controller_Varien_Front->dispatch()
#18 /opt/src/iyaboo/app/Mage.php(627): Mage_Core_Model_App->run(Array)
#19 /opt/src/iyaboo/index.php(82): Mage::run('', 'store')
#20 {main}
